[debug] [2021-09-29T12:27:39.858Z] ----------------------------------------------------------------------
[debug] [2021-09-29T12:27:39.861Z] Command:       C:\Program Files\nodejs\node.exe C:\Users\Khoa Pham\AppData\Roaming\npm\node_modules\firebase-tools\lib\bin\firebase.js init
[debug] [2021-09-29T12:27:39.863Z] CLI Version:   9.18.0
[debug] [2021-09-29T12:27:39.863Z] Platform:      win32
[debug] [2021-09-29T12:27:39.863Z] Node Version:  v14.17.3
[debug] [2021-09-29T12:27:39.864Z] Time:          Wed Sep 29 2021 19:27:39 GMT+0700 (Indochina Time)
[debug] [2021-09-29T12:27:39.864Z] ----------------------------------------------------------------------
[debug] 
[debug] [2021-09-29T12:27:39.868Z] >>> [apiv2][query] GET https://firebase-public.firebaseio.com/cli.json [none]
[debug] [2021-09-29T12:27:39.911Z] > command requires scopes: ["email","openid","https://www.googleapis.com/auth/cloudplatformprojects.readonly","https://www.googleapis.com/auth/firebase","https://www.googleapis.com/auth/cloud-platform"]
[debug] [2021-09-29T12:27:39.912Z] > authorizing via signed-in user (newconan1995@gmail.com)
[info] 
     ######## #### ########  ######## ########     ###     ######  ########
     ##        ##  ##     ## ##       ##     ##  ##   ##  ##       ##
     ######    ##  ########  ######   ########  #########  ######  ######
     ##        ##  ##    ##  ##       ##     ## ##     ##       ## ##
     ##       #### ##     ## ######## ########  ##     ##  ######  ########

You're about to initialize a Firebase project in this directory:

  C:\Users\Khoa Pham\Desktop\VuePro\Template\vue-now-ui-kit-master

[debug] [2021-09-29T12:27:40.608Z] <<< [apiv2][status] GET https://firebase-public.firebaseio.com/cli.json 200
[debug] [2021-09-29T12:27:40.608Z] <<< [apiv2][body] GET https://firebase-public.firebaseio.com/cli.json {"cloudBuildErrorAfter":1594252800000,"cloudBuildWarnAfter":1590019200000,"defaultNode10After":1594252800000,"minVersion":"3.0.5","node8DeploysDisabledAfter":1613390400000,"node8RuntimeDisabledAfter":1615809600000,"node8WarnAfter":1600128000000}
